@@@@@@@@@@@@@@@@@@@@@@@@@@@@@@@@@@@@@@@@@@@@@@@@@@@@@@@@@@@@@@@@@@@@@@@@@@
@@@@@@@@@@@@@@@@@@@@@@@@@@@@@@@@@@@@@@@@@@@@@@@@@@@@@@@@@@@@@@@@@@@@@@@@@@
@@                                                                      @@
@@   HYDROGEOSPHERE: 3-D coupled surface/subsurface flow and transport  @@
@@                                                                      @@
@@   REVISION:   2845                                                   @@
@@   BUILD DATE: 2025-06-02                                             @@
@@   BUILD INFO: 64-bit                                                 @@
@@                                                                      @@
@@   (c) Aquanty, Inc.                                                  @@
@@       www.aquanty.com                                                @@
@@       support@aquanty.com                                            @@
@@                                                                      @@
@@@@@@@@@@@@@@@@@@@@@@@@@@@@@@@@@@@@@@@@@@@@@@@@@@@@@@@@@@@@@@@@@@@@@@@@@@
@@@@@@@@@@@@@@@@@@@@@@@@@@@@@@@@@@@@@@@@@@@@@@@@@@@@@@@@@@@@@@@@@@@@@@@@@@
 
PROBLEM TITLE:
Arek Field Lysimeter v1 stand alone DSSAT SWSW7501.WHX
3 x 3 x 14 Node Model to develop mapping
Event - Experiment forcing
 
 
 1. Initial time =  0.000000000000000E+000

----------------------------------------------------------------------------------
                      SOLUTION FOR TIMESTEP      1                          
----------------------------------------------------------------------------------
Global target time:  6.9444000000E-04(     1 of      2)
 %done      Time             delta_t          Tnext
  0.00 0.0000000000E+00 1.1574070000E-05 1.1574070000E-05 Accept timestep
     Calculating transient flow solution...

Summary of nonlinear iteration
 Iter Relfac          Delval    @Node  @NodePM  NcNode        Resval    @Node  @NodePM  NcNode Solv  Dom
    0(Initial)     0.000                                 -1.6992          113      113     108
    1  1.000     -1.7650E-02      117      117      90  -8.85881E-03      113      113      95    1 pm,pm
    2  1.000     -9.2783E-05      110      110      18  -9.15433E-06      113      113       0    1 pm,pm
 CONVERGENCE: delval  =  9.2783E-05 <  1.0000E-05
              resval  =  9.1543E-06 <  1.0000E-05
 

---------------------------------------------------------------------------------------------------
 FLUID BALANCE, TIME:   1.157407000000000E-005
---------------------------------------------------------------------------------------------------
RATE OF FLUID EXCHANGE [L**3/T]
Boundary condition name               IN                       OUT                      NET(IN-OUT)
Head_1                          1.1933289634E-001        0.0000000000E+000        1.1933289634E-001        porous media
Fnodal_2                        0.0000000000E+000       -2.3440320000E+001       -2.3440320000E+001        porous media
Rain_3                          0.0000000000E+000        0.0000000000E+000        0.0000000000E+000      overland media
TOTAL:[NET1(+),NET1(-),NET1]    1.1933289634E-001       -2.3440320000E+001       -2.3320987104E+001
  
RATE OF FLUID ACCUMULATION [L**3/T]
   Porous medium               -2.3320907201E+001
   Overland                     0.0000000000E+000
   NET2 ACCUMULATION RATE                                                        -2.3320907201E+001
  
FLUID BALANCE ERROR
   Absolute: (NET1-NET2)                                                         -7.9902448999E-005
   Relative: (NET1-NET2)/(abs(NET1)+abs(NET2))/2.0                                3.4262094278E-006
   Percent:   abs(NET1-NET2)/[max{NET1(+),abs(NET1(-)}]*100.0                     3.4087610151E-004
 
FLUID EXCHANGE BETWEEN SURFACE (DUAL NODES) AND SUBSURFACE DOMAIN [L**3/T]
  Infiltration                  5.6795530533E-006
  Exfiltration                  0.0000000000E+000
---------------------------------------------------------------------------------------------------

  
 Variable             Max. change     Target change   Dt multiplier   At node
 ========             ===========     =============   =============   =======
 Head                -0.17743E-01        1000.0            56361.         110
 Saturation           0.12201E-02        1.0000            819.61         110
 NR Iteration          2.0000            15.000            7.5000           0
 Timestep multiplier:    7.50000000000000     
 
 Minimum dt_multiplier    >    Maximum allowed
   7.50000000000000       >    2.50000000000000     
 Timestep multiplier:    2.50000000000000     
 Accepted solution at time:   1.157407000000000E-005

----------------------------------------------------------------------------------
                      SOLUTION FOR TIMESTEP      2                          
----------------------------------------------------------------------------------
Global target time:  6.9444000000E-04(     1 of      2)
 %done      Time             delta_t          Tnext
  0.00 1.1574070000E-05 2.8935175000E-05 4.0509245000E-05 Accept timestep
     Calculating transient flow solution...

Summary of nonlinear iteration
 Iter Relfac          Delval    @Node  @NodePM  NcNode        Resval    @Node  @NodePM  NcNode Solv  Dom
    0(Initial)     0.000                                 -1.6992          113      113     108
    1  1.000     -4.4486E-02      114      114      99  -1.91348E-02      113      113      95    1 pm,pm
    2  1.000     -5.1126E-04      113      113      18  -2.35307E-05      113      113       5    1 pm,pm
    3  1.000     -6.6736E-07      110      110       0  -1.44241E-06      122      113       0    1 pm,of
 CONVERGENCE: delval  =  6.6736E-07 <  1.0000E-05
              resval  =  1.4424E-06 <  1.0000E-05
 

---------------------------------------------------------------------------------------------------
 FLUID BALANCE, TIME:   4.050924500000000E-005
---------------------------------------------------------------------------------------------------
RATE OF FLUID EXCHANGE [L**3/T]
Boundary condition name               IN                       OUT                      NET(IN-OUT)
Head_1                          1.1933009063E-001        0.0000000000E+000        1.1933009063E-001        porous media
Fnodal_2                        0.0000000000E+000       -2.3440320000E+001       -2.3440320000E+001        porous media
Rain_3                          0.0000000000E+000        0.0000000000E+000        0.0000000000E+000      overland media
TOTAL:[NET1(+),NET1(-),NET1]    1.1933009063E-001       -2.3440320000E+001       -2.3320989909E+001
  
RATE OF FLUID ACCUMULATION [L**3/T]
   Porous medium               -2.3320989723E+001
   Overland                     0.0000000000E+000
   NET2 ACCUMULATION RATE                                                        -2.3320989723E+001
  
FLUID BALANCE ERROR
   Absolute: (NET1-NET2)                                                         -1.8587937944E-007
   Relative: (NET1-NET2)/(abs(NET1)+abs(NET2))/2.0                                7.9704755633E-009
   Percent:   abs(NET1-NET2)/[max{NET1(+),abs(NET1(-)}]*100.0                     7.9298993974E-007
 
FLUID EXCHANGE BETWEEN SURFACE (DUAL NODES) AND SUBSURFACE DOMAIN [L**3/T]
  Infiltration                  5.7696385429E-006
  Exfiltration                  0.0000000000E+000
---------------------------------------------------------------------------------------------------

  
 Variable             Max. change     Target change   Dt multiplier   At node
 ========             ===========     =============   =============   =======
 Head                -0.44998E-01        1000.0            22223.         117
 Saturation           0.30502E-02        1.0000            327.85         114
 NR Iteration          3.0000            15.000            5.0000           0
 Timestep multiplier:    5.00000000000000     
 
 Minimum dt_multiplier    >    Maximum allowed
   5.00000000000000       >    2.50000000000000     
 Timestep multiplier:    2.50000000000000     
 Accepted solution at time:   4.050924500000000E-005

----------------------------------------------------------------------------------
                      SOLUTION FOR TIMESTEP      3                          
----------------------------------------------------------------------------------
Global target time:  6.9444000000E-04(     1 of      2)
 %done      Time             delta_t          Tnext
  0.00 4.0509245000E-05 7.2337937500E-05 1.1284718250E-04 Accept timestep
     Calculating transient flow solution...

Summary of nonlinear iteration
 Iter Relfac          Delval    @Node  @NodePM  NcNode        Resval    @Node  @NodePM  NcNode Solv  Dom
    0(Initial)     0.000                                 -1.6992          113      113     108
    1  1.000     -0.1135          117      117      99  -4.45409E-02      113      113      95    1 pm,pm
    2  1.000     -3.1304E-03      114      114      27  -8.40375E-05      113      113      10    1 pm,pm
    3  1.000     -6.0197E-06      114      114       0  -1.50079E-06      122      113       0    1 pm,of
 CONVERGENCE: delval  =  6.0197E-06 <  1.0000E-05
              resval  =  1.5008E-06 <  1.0000E-05
 

---------------------------------------------------------------------------------------------------
 FLUID BALANCE, TIME:   1.128471825000000E-004
---------------------------------------------------------------------------------------------------
RATE OF FLUID EXCHANGE [L**3/T]
Boundary condition name               IN                       OUT                      NET(IN-OUT)
Head_1                          1.1932307696E-001        0.0000000000E+000        1.1932307696E-001        porous media
Fnodal_2                        0.0000000000E+000       -2.3440320000E+001       -2.3440320000E+001        porous media
Rain_3                          0.0000000000E+000        0.0000000000E+000        0.0000000000E+000      overland media
TOTAL:[NET1(+),NET1(-),NET1]    1.1932307696E-001       -2.3440320000E+001       -2.3320996923E+001
  
RATE OF FLUID ACCUMULATION [L**3/T]
   Porous medium               -2.3320996391E+001
   Overland                     0.0000000000E+000
   NET2 ACCUMULATION RATE                                                        -2.3320996391E+001
  
FLUID BALANCE ERROR
   Absolute: (NET1-NET2)                                                         -5.3252905374E-007
   Relative: (NET1-NET2)/(abs(NET1)+abs(NET2))/2.0                                2.2834746798E-008
   Percent:   abs(NET1-NET2)/[max{NET1(+),abs(NET1(-)}]*100.0                     2.2718506136E-006
 
FLUID EXCHANGE BETWEEN SURFACE (DUAL NODES) AND SUBSURFACE DOMAIN [L**3/T]
  Infiltration                  6.0031776817E-006
  Exfiltration                  0.0000000000E+000
---------------------------------------------------------------------------------------------------

  
 Variable             Max. change     Target change   Dt multiplier   At node
 ========             ===========     =============   =============   =======
 Head                -0.11665            1000.0            8572.4         117
 Saturation           0.76252E-02        1.0000            131.14         109
 NR Iteration          3.0000            15.000            5.0000           0
 Timestep multiplier:    5.00000000000000     
 
 Minimum dt_multiplier    >    Maximum allowed
   5.00000000000000       >    2.50000000000000     
 Timestep multiplier:    2.50000000000000     
 Accepted solution at time:   1.128471825000000E-004

----------------------------------------------------------------------------------
                      SOLUTION FOR TIMESTEP      4                          
----------------------------------------------------------------------------------
Global target time:  6.9444000000E-04(     1 of      2)
 %done      Time             delta_t          Tnext
  0.01 1.1284718250E-04 1.8084484375E-04 2.9369202625E-04 Accept timestep
     Calculating transient flow solution...

Summary of nonlinear iteration
 Iter Relfac          Delval    @Node  @NodePM  NcNode        Resval    @Node  @NodePM  NcNode Solv  Dom
    0(Initial)     0.000                                 -1.6992          113      113     108
    1  1.000     -0.2989          117      117      99  -0.10630          113      113      95    1 pm,pm
    2  1.000     -2.1220E-02      113      113      90  -5.98464E-04      113      113      14    1 pm,pm
    3  1.000     -1.2083E-04      114      114       9  -1.66109E-06      122      113       0    1 pm,of
 CONVERGENCE: delval  =  1.2083E-04 <  1.0000E-05
              resval  =  1.6611E-06 <  1.0000E-05
 

---------------------------------------------------------------------------------------------------
 FLUID BALANCE, TIME:   2.936920262500000E-004
---------------------------------------------------------------------------------------------------
RATE OF FLUID EXCHANGE [L**3/T]
Boundary condition name               IN                       OUT                      NET(IN-OUT)
Head_1                          1.1930554659E-001        0.0000000000E+000        1.1930554659E-001        porous media
Fnodal_2                        0.0000000000E+000       -2.3440320000E+001       -2.3440320000E+001        porous media
Rain_3                          0.0000000000E+000        0.0000000000E+000        0.0000000000E+000      overland media
TOTAL:[NET1(+),NET1(-),NET1]    1.1930554659E-001       -2.3440320000E+001       -2.3321014453E+001
  
RATE OF FLUID ACCUMULATION [L**3/T]
   Porous medium               -2.3321010884E+001
   Overland                     0.0000000000E+000
   NET2 ACCUMULATION RATE                                                        -2.3321010884E+001
  
FLUID BALANCE ERROR
   Absolute: (NET1-NET2)                                                         -3.5689878466E-006
   Relative: (NET1-NET2)/(abs(NET1)+abs(NET2))/2.0                                1.5303743012E-007
   Percent:   abs(NET1-NET2)/[max{NET1(+),abs(NET1(-)}]*100.0                     1.5225849505E-005
 
FLUID EXCHANGE BETWEEN SURFACE (DUAL NODES) AND SUBSURFACE DOMAIN [L**3/T]
  Infiltration                  6.6443592466E-006
  Exfiltration                  0.0000000000E+000
---------------------------------------------------------------------------------------------------

  
 Variable             Max. change     Target change   Dt multiplier   At node
 ========             ===========     =============   =============   =======
 Head                -0.32027            1000.0            3122.3         117
 Saturation           0.19061E-01        1.0000            52.464         110
 NR Iteration          3.0000            15.000            5.0000           0
 Timestep multiplier:    5.00000000000000     
 
 Minimum dt_multiplier    >    Maximum allowed
   5.00000000000000       >    2.50000000000000     
 Timestep multiplier:    2.50000000000000     
 Accepted solution at time:   2.936920262500000E-004

----------------------------------------------------------------------------------
                      SOLUTION FOR TIMESTEP      5                          
----------------------------------------------------------------------------------
Global target time:  6.9444000000E-04(     1 of      2)
 %done      Time             delta_t          Tnext
  0.03 2.9369202625E-04 4.5211210938E-04 7.4580413563E-04 !! Tnext >= target
  0.03 2.9369202625E-04 4.0074797375E-04 6.9444000000E-04 1 step to target
     Calculating transient flow solution...

Summary of nonlinear iteration
 Iter Relfac          Delval    @Node  @NodePM  NcNode        Resval    @Node  @NodePM  NcNode Solv  Dom
    0(Initial)     0.000                                 -1.6991          113      113     108
    1  1.000     -0.7580          113      113     108  -0.22604          113      113      91    1 pm,pm
    2  1.000     -0.1336          117      117      90  -5.38129E-03      113      113      18    1 pm,pm
    3  1.000     -3.3264E-03      109      109      18  -1.01091E-05      113      113       1    1 pm,pm
    4  1.000     -7.5578E-06      114      114       0  -2.10900E-06      122      113       0    1 pm,of
 CONVERGENCE: delval  =  7.5578E-06 <  1.0000E-05
              resval  =  2.1090E-06 <  1.0000E-05
 

---------------------------------------------------------------------------------------------------
 FLUID BALANCE, TIME:   6.944400000000001E-004
---------------------------------------------------------------------------------------------------
RATE OF FLUID EXCHANGE [L**3/T]
Boundary condition name               IN                       OUT                      NET(IN-OUT)
Head_1                          1.1926671861E-001        0.0000000000E+000        1.1926671861E-001        porous media
Fnodal_2                        0.0000000000E+000       -2.3440320000E+001       -2.3440320000E+001        porous media
Rain_3                          0.0000000000E+000        0.0000000000E+000        0.0000000000E+000      overland media
TOTAL:[NET1(+),NET1(-),NET1]    1.1926671861E-001       -2.3440320000E+001       -2.3321053281E+001
  
RATE OF FLUID ACCUMULATION [L**3/T]
   Porous medium               -2.3321053196E+001
   Overland                     0.0000000000E+000
   NET2 ACCUMULATION RATE                                                        -2.3321053196E+001
  
FLUID BALANCE ERROR
   Absolute: (NET1-NET2)                                                         -8.5307000575E-008
   Relative: (NET1-NET2)/(abs(NET1)+abs(NET2))/2.0                                3.6579394464E-009
   Percent:   abs(NET1-NET2)/[max{NET1(+),abs(NET1(-)}]*100.0                     3.6393274740E-007
 
FLUID EXCHANGE BETWEEN SURFACE (DUAL NODES) AND SUBSURFACE DOMAIN [L**3/T]
  Infiltration                  8.4360147963E-006
  Exfiltration                  0.0000000000E+000
---------------------------------------------------------------------------------------------------

  
 Variable             Max. change     Target change   Dt multiplier   At node
 ========             ===========     =============   =============   =======
 Head                -0.89494            1000.0            1117.4         117
 Saturation           0.42225E-01        1.0000            23.683         109
 NR Iteration          4.0000            15.000            3.7500           0
 Timestep multiplier:    3.75000000000000     
 
 Minimum dt_multiplier    >    Maximum allowed
   3.75000000000000       >    2.50000000000000     
 Timestep multiplier:    2.50000000000000     
 Accepted solution at time:   6.944400000000001E-004
 Met global target time   6.944400000000001E-004
 Restore last big timestep used  4.521121093750000E-004

----------------------------------------------------------------------------------
                      SOLUTION FOR TIMESTEP      6                          
----------------------------------------------------------------------------------
Global target time:  1.0000000000E+00(     2 of      2)
 %done      Time             delta_t          Tnext
  0.07 6.9444000000E-04 4.5211210938E-04 1.1465521094E-03 Accept timestep
     Calculating transient flow solution...

Summary of nonlinear iteration
 Iter Relfac          Delval    @Node  @NodePM  NcNode        Resval    @Node  @NodePM  NcNode Solv  Dom
    0(Initial)     0.000                                 2.92272E-02       14       14      81
    1  1.000      2.7343E-04       10       10      54   1.96296E-05       14       14       1    1 pm,pm
    2  1.000      3.8477E-07      111      111       0   2.10983E-06      113      113       0    1 pm,pm
 CONVERGENCE: delval  =  3.8477E-07 <  1.0000E-05
              resval  =  2.1098E-06 <  1.0000E-05
 

---------------------------------------------------------------------------------------------------
 FLUID BALANCE, TIME:   1.146552109375000E-003
---------------------------------------------------------------------------------------------------
RATE OF FLUID EXCHANGE [L**3/T]
Boundary condition name               IN                       OUT                      NET(IN-OUT)
Head_1                          1.1922294009E-001        0.0000000000E+000        1.1922294009E-001        porous media
Rain_3                          0.0000000000E+000        0.0000000000E+000        0.0000000000E+000      overland media
TOTAL:[NET1(+),NET1(-),NET1]    1.1922294009E-001        0.0000000000E+000        1.1922294009E-001
  
RATE OF FLUID ACCUMULATION [L**3/T]
   Porous medium                1.1922287181E-001
   Overland                     0.0000000000E+000
   NET2 ACCUMULATION RATE                                                         1.1922287181E-001
  
FLUID BALANCE ERROR
   Absolute: (NET1-NET2)                                                          6.8280649607E-008
   Relative: (NET1-NET2)/(abs(NET1)+abs(NET2))/2.0                                5.7271418663E-007
   Percent:   abs(NET1-NET2)/[max{NET1(+),abs(NET1(-)}]*100.0                     5.7271402263E-005
 
FLUID EXCHANGE BETWEEN SURFACE (DUAL NODES) AND SUBSURFACE DOMAIN [L**3/T]
  Infiltration                  8.4355564798E-006
  Exfiltration                  0.0000000000E+000
---------------------------------------------------------------------------------------------------

  
 Variable             Max. change     Target change   Dt multiplier   At node
 ========             ===========     =============   =============   =======
 Head                 0.27362E-03        1000.0           0.36548E+07      10
 Saturation           0.59993E-04        1.0000            16669.          10
 NR Iteration          2.0000            15.000            7.5000           0
 Timestep multiplier:    7.50000000000000     
 
 Minimum dt_multiplier    >    Maximum allowed
   7.50000000000000       >    2.50000000000000     
 Timestep multiplier:    2.50000000000000     
 Accepted solution at time:   1.146552109375000E-003

----------------------------------------------------------------------------------
                      SOLUTION FOR TIMESTEP      7                          
----------------------------------------------------------------------------------
Global target time:  1.0000000000E+00(     2 of      2)
 %done      Time             delta_t          Tnext
  0.11 1.1465521094E-03 1.1302802734E-03 2.2768323828E-03 Accept timestep
     Calculating transient flow solution...

Summary of nonlinear iteration
 Iter Relfac          Delval    @Node  @NodePM  NcNode        Resval    @Node  @NodePM  NcNode Solv  Dom
    0(Initial)     0.000                                 2.92156E-02       14       14      81
    1  1.000      6.8276E-04       10       10      72   1.49981E-05       14       14       1    1 pm,pm
    2  1.000      9.2841E-07      109      109       0   2.10952E-06      113      113       0    1 pm,pm
 CONVERGENCE: delval  =  9.2841E-07 <  1.0000E-05
              resval  =  2.1095E-06 <  1.0000E-05
 

---------------------------------------------------------------------------------------------------
 FLUID BALANCE, TIME:   2.276832382812500E-003
---------------------------------------------------------------------------------------------------
RATE OF FLUID EXCHANGE [L**3/T]
Boundary condition name               IN                       OUT                      NET(IN-OUT)
Head_1                          1.1911364224E-001        0.0000000000E+000        1.1911364224E-001        porous media
Rain_3                          0.0000000000E+000        0.0000000000E+000        0.0000000000E+000      overland media
TOTAL:[NET1(+),NET1(-),NET1]    1.1911364224E-001        0.0000000000E+000        1.1911364224E-001
  
RATE OF FLUID ACCUMULATION [L**3/T]
   Porous medium                1.1911358853E-001
   Overland                     0.0000000000E+000
   NET2 ACCUMULATION RATE                                                         1.1911358853E-001
  
FLUID BALANCE ERROR
   Absolute: (NET1-NET2)                                                          5.3710788345E-008
   Relative: (NET1-NET2)/(abs(NET1)+abs(NET2))/2.0                                4.5092064558E-007
   Percent:   abs(NET1-NET2)/[max{NET1(+),abs(NET1(-)}]*100.0                     4.5092054391E-005
 
FLUID EXCHANGE BETWEEN SURFACE (DUAL NODES) AND SUBSURFACE DOMAIN [L**3/T]
  Infiltration                  8.4344116286E-006
  Exfiltration                  0.0000000000E+000
---------------------------------------------------------------------------------------------------

  
 Variable             Max. change     Target change   Dt multiplier   At node
 ========             ===========     =============   =============   =======
 Head                 0.68311E-03        1000.0           0.14639E+07      10
 Saturation           0.14983E-03        1.0000            6674.0          10
 NR Iteration          2.0000            15.000            7.5000           0
 Timestep multiplier:    7.50000000000000     
 
 Minimum dt_multiplier    >    Maximum allowed
   7.50000000000000       >    2.50000000000000     
 Timestep multiplier:    2.50000000000000     
 Accepted solution at time:   2.276832382812500E-003

----------------------------------------------------------------------------------
                      SOLUTION FOR TIMESTEP      8                          
----------------------------------------------------------------------------------
Global target time:  1.0000000000E+00(     2 of      2)
 %done      Time             delta_t          Tnext
  0.23 2.2768323828E-03 2.8257006836E-03 5.1025330664E-03 Accept timestep
     Calculating transient flow solution...

Summary of nonlinear iteration
 Iter Relfac          Delval    @Node  @NodePM  NcNode        Resval    @Node  @NodePM  NcNode Solv  Dom
    0(Initial)     0.000                                 2.91868E-02       14       14      81
    1  1.000      1.7018E-03       18       18      81   3.49703E-06       14       14       0    1 pm,pm
 CONVERGENCE: delval  =  1.7018E-03 <  1.0000E-05
              resval  =  3.4970E-06 <  1.0000E-05
 

---------------------------------------------------------------------------------------------------
 FLUID BALANCE, TIME:   5.102533066406250E-003
---------------------------------------------------------------------------------------------------
RATE OF FLUID EXCHANGE [L**3/T]
Boundary condition name               IN                       OUT                      NET(IN-OUT)
Head_1                          1.1884135421E-001        0.0000000000E+000        1.1884135421E-001        porous media
Rain_3                          0.0000000000E+000        0.0000000000E+000        0.0000000000E+000      overland media
TOTAL:[NET1(+),NET1(-),NET1]    1.1884135421E-001        0.0000000000E+000        1.1884135421E-001
  
RATE OF FLUID ACCUMULATION [L**3/T]
   Porous medium                1.1882348807E-001
   Overland                     0.0000000000E+000
   NET2 ACCUMULATION RATE                                                         1.1882348807E-001
  
FLUID BALANCE ERROR
   Absolute: (NET1-NET2)                                                          1.7866135198E-005
   Relative: (NET1-NET2)/(abs(NET1)+abs(NET2))/2.0                                1.5034731285E-004
   Percent:   abs(NET1-NET2)/[max{NET1(+),abs(NET1(-)}]*100.0                     1.5033601154E-002
 
FLUID EXCHANGE BETWEEN SURFACE (DUAL NODES) AND SUBSURFACE DOMAIN [L**3/T]
  Infiltration                  8.4315595891E-006
  Exfiltration                  0.0000000000E+000
---------------------------------------------------------------------------------------------------

  
 Variable             Max. change     Target change   Dt multiplier   At node
 ========             ===========     =============   =============   =======
 Head                 0.17018E-02        1000.0           0.58761E+06      18
 Saturation           0.37362E-03        1.0000            2676.5          18
 NR Iteration          1.0000            15.000            15.000           0
 Timestep multiplier:    15.0000000000000     
 
 Minimum dt_multiplier    >    Maximum allowed
   15.0000000000000       >    2.50000000000000     
 Timestep multiplier:    2.50000000000000     
 Accepted solution at time:   5.102533066406250E-003

----------------------------------------------------------------------------------
                      SOLUTION FOR TIMESTEP      9                          
----------------------------------------------------------------------------------
Global target time:  1.0000000000E+00(     2 of      2)
 %done      Time             delta_t          Tnext
  0.51 5.1025330664E-03 7.0642517090E-03 1.2166784775E-02 Accept timestep
     Calculating transient flow solution...

Summary of nonlinear iteration
 Iter Relfac          Delval    @Node  @NodePM  NcNode        Resval    @Node  @NodePM  NcNode Solv  Dom
    0(Initial)     0.000                                 2.91149E-02       14       14      81
    1  1.000      4.2229E-03       12       12      81  -2.47758E-05       14       14       5    1 pm,pm
    2  1.000      4.0079E-06      110      110       0   2.10675E-06      113      113       0    1 pm,pm
 CONVERGENCE: delval  =  4.0079E-06 <  1.0000E-05
              resval  =  2.1067E-06 <  1.0000E-05
 

---------------------------------------------------------------------------------------------------
 FLUID BALANCE, TIME:   1.216678477539062E-002
---------------------------------------------------------------------------------------------------
RATE OF FLUID EXCHANGE [L**3/T]
Boundary condition name               IN                       OUT                      NET(IN-OUT)
Head_1                          1.1816626794E-001        0.0000000000E+000        1.1816626794E-001        porous media
Rain_3                          0.0000000000E+000        0.0000000000E+000        0.0000000000E+000      overland media
TOTAL:[NET1(+),NET1(-),NET1]    1.1816626794E-001        0.0000000000E+000        1.1816626794E-001
  
RATE OF FLUID ACCUMULATION [L**3/T]
   Porous medium                1.1816633825E-001
   Overland                     0.0000000000E+000
   NET2 ACCUMULATION RATE                                                         1.1816633825E-001
  
FLUID BALANCE ERROR
   Absolute: (NET1-NET2)                                                         -7.0305700234E-008
   Relative: (NET1-NET2)/(abs(NET1)+abs(NET2))/2.0                                5.9497249548E-007
   Percent:   abs(NET1-NET2)/[max{NET1(+),abs(NET1(-)}]*100.0                     5.9497267247E-005
 
FLUID EXCHANGE BETWEEN SURFACE (DUAL NODES) AND SUBSURFACE DOMAIN [L**3/T]
  Infiltration                  8.4244552564E-006
  Exfiltration                  0.0000000000E+000
---------------------------------------------------------------------------------------------------

  
 Variable             Max. change     Target change   Dt multiplier   At node
 ========             ===========     =============   =============   =======
 Head                 0.42193E-02        1000.0           0.23701E+06      10
 Saturation           0.92844E-03        1.0000            1077.1          10
 NR Iteration          2.0000            15.000            7.5000           0
 Timestep multiplier:    7.50000000000000     
 
 Minimum dt_multiplier    >    Maximum allowed
   7.50000000000000       >    2.50000000000000     
 Timestep multiplier:    2.50000000000000     
 Accepted solution at time:   1.216678477539062E-002

----------------------------------------------------------------------------------
                      SOLUTION FOR TIMESTEP     10                          
----------------------------------------------------------------------------------
Global target time:  1.0000000000E+00(     2 of      2)
 %done      Time             delta_t          Tnext
  1.22 1.2166784775E-02 1.7660629272E-02 2.9827414048E-02 Accept timestep
     Calculating transient flow solution...

Summary of nonlinear iteration
 Iter Relfac          Delval    @Node  @NodePM  NcNode        Resval    @Node  @NodePM  NcNode Solv  Dom
    0(Initial)     0.000                                 2.89365E-02       14       14      81
    1  1.000      1.0363E-02       10       10      81  -9.25541E-05       14       14       9    1 pm,pm
    2 0.9979     -3.2886E-05       14       14       9   2.10207E-06      113      113       0    1 pm,pm
 CONVERGENCE: delval  =  3.2886E-05 <  1.0000E-05
              resval  =  2.1021E-06 <  1.0000E-05
 

---------------------------------------------------------------------------------------------------
 FLUID BALANCE, TIME:   2.982741404785157E-002
---------------------------------------------------------------------------------------------------
RATE OF FLUID EXCHANGE [L**3/T]
Boundary condition name               IN                       OUT                      NET(IN-OUT)
Head_1                          1.1651336027E-001        0.0000000000E+000        1.1651336027E-001        porous media
Rain_3                          0.0000000000E+000        0.0000000000E+000        0.0000000000E+000      overland media
TOTAL:[NET1(+),NET1(-),NET1]    1.1651336027E-001        0.0000000000E+000        1.1651336027E-001
  
RATE OF FLUID ACCUMULATION [L**3/T]
   Porous medium                1.1651441453E-001
   Overland                     0.0000000000E+000
   NET2 ACCUMULATION RATE                                                         1.1651441453E-001
  
FLUID BALANCE ERROR
   Absolute: (NET1-NET2)                                                         -1.0542595695E-006
   Relative: (NET1-NET2)/(abs(NET1)+abs(NET2))/2.0                                9.0483597537E-006
   Percent:   abs(NET1-NET2)/[max{NET1(+),abs(NET1(-)}]*100.0                     9.0484006903E-004
 
FLUID EXCHANGE BETWEEN SURFACE (DUAL NODES) AND SUBSURFACE DOMAIN [L**3/T]
  Infiltration                  8.4069179074E-006
  Exfiltration                  0.0000000000E+000
---------------------------------------------------------------------------------------------------

  
 Variable             Max. change     Target change   Dt multiplier   At node
 ========             ===========     =============   =============   =======
 Head                 0.10331E-01        1000.0            96799.          10
 Saturation           0.22860E-02        1.0000            437.44          10
 NR Iteration          2.0000            15.000            7.5000           0
 Timestep multiplier:    7.50000000000000     
 
 Minimum dt_multiplier    >    Maximum allowed
   7.50000000000000       >    2.50000000000000     
 Timestep multiplier:    2.50000000000000     
 Accepted solution at time:   2.982741404785157E-002

----------------------------------------------------------------------------------
                      SOLUTION FOR TIMESTEP     11                          
----------------------------------------------------------------------------------
Global target time:  1.0000000000E+00(     2 of      2)
 %done      Time             delta_t          Tnext
  2.98 2.9827414048E-02 4.4151573181E-02 7.3978987229E-02 Accept timestep
     Calculating transient flow solution...

Summary of nonlinear iteration
 Iter Relfac          Delval    @Node  @NodePM  NcNode        Resval    @Node  @NodePM  NcNode Solv  Dom
    0(Initial)     0.000                                 2.84990E-02       14       14      81
    1  1.000      2.4758E-02       14       14      90  -2.45225E-04       14       14       9    1 pm,pm
    2 0.9944     -2.0909E-04       14       14      18  -2.09110E-06      122      113       0    1 pm,of
 CONVERGENCE: delval  =  2.0909E-04 <  1.0000E-05
              resval  =  2.0911E-06 <  1.0000E-05
 

---------------------------------------------------------------------------------------------------
 FLUID BALANCE, TIME:   7.397898722900392E-002
---------------------------------------------------------------------------------------------------
RATE OF FLUID EXCHANGE [L**3/T]
Boundary condition name               IN                       OUT                      NET(IN-OUT)
Head_1                          1.1258542304E-001        0.0000000000E+000        1.1258542304E-001        porous media
Rain_3                          0.0000000000E+000        0.0000000000E+000        0.0000000000E+000      overland media
TOTAL:[NET1(+),NET1(-),NET1]    1.1258542304E-001        0.0000000000E+000        1.1258542304E-001
  
RATE OF FLUID ACCUMULATION [L**3/T]
   Porous medium                1.1259165740E-001
   Overland                     0.0000000000E+000
   NET2 ACCUMULATION RATE                                                         1.1259165740E-001
  
FLUID BALANCE ERROR
   Absolute: (NET1-NET2)                                                         -6.2343608572E-006
   Relative: (NET1-NET2)/(abs(NET1)+abs(NET2))/2.0                                5.5372961095E-005
   Percent:   abs(NET1-NET2)/[max{NET1(+),abs(NET1(-)}]*100.0                     5.5374494220E-003
 
FLUID EXCHANGE BETWEEN SURFACE (DUAL NODES) AND SUBSURFACE DOMAIN [L**3/T]
  Infiltration                  8.3644141138E-006
  Exfiltration                  0.0000000000E+000
---------------------------------------------------------------------------------------------------

  
 Variable             Max. change     Target change   Dt multiplier   At node
 ========             ===========     =============   =============   =======
 Head                 0.24550E-01        1000.0            40734.          10
 Saturation           0.55061E-02        1.0000            181.62          14
 NR Iteration          2.0000            15.000            7.5000           0
 Timestep multiplier:    7.50000000000000     
 
 Minimum dt_multiplier    >    Maximum allowed
   7.50000000000000       >    2.50000000000000     
 Timestep multiplier:    2.50000000000000     
 Accepted solution at time:   7.397898722900392E-002

----------------------------------------------------------------------------------
                      SOLUTION FOR TIMESTEP     12                          
----------------------------------------------------------------------------------
Global target time:  1.0000000000E+00(     2 of      2)
 %done      Time             delta_t          Tnext
  7.40 7.3978987229E-02 1.1037893295E-01 1.8435792018E-01 Accept timestep
     Calculating transient flow solution...

Summary of nonlinear iteration
 Iter Relfac          Delval    @Node  @NodePM  NcNode        Resval    @Node  @NodePM  NcNode Solv  Dom
    0(Initial)     0.000                                 2.74556E-02       14       14      81
    1  1.000      5.5514E-02       12       12      99  -5.40323E-04       14       14      10    1 pm,pm
    2 0.9875     -1.0491E-03       14       14      36  -7.32828E-06       14       14       0    1 pm,pm
 CONVERGENCE: delval  =  1.0491E-03 <  1.0000E-05
              resval  =  7.3283E-06 <  1.0000E-05
 

---------------------------------------------------------------------------------------------------
 FLUID BALANCE, TIME:   0.184357920181885     
---------------------------------------------------------------------------------------------------
RATE OF FLUID EXCHANGE [L**3/T]
Boundary condition name               IN                       OUT                      NET(IN-OUT)
Head_1                          1.0386886793E-001        0.0000000000E+000        1.0386886793E-001        porous media
Rain_3                          0.0000000000E+000        0.0000000000E+000        0.0000000000E+000      overland media
TOTAL:[NET1(+),NET1(-),NET1]    1.0386886793E-001        0.0000000000E+000        1.0386886793E-001
  
RATE OF FLUID ACCUMULATION [L**3/T]
   Porous medium                1.0389739764E-001
   Overland                     0.0000000000E+000
   NET2 ACCUMULATION RATE                                                         1.0389739764E-001
  
FLUID BALANCE ERROR
   Absolute: (NET1-NET2)                                                         -2.8529709964E-005
   Relative: (NET1-NET2)/(abs(NET1)+abs(NET2))/2.0                                2.7463274545E-004
   Percent:   abs(NET1-NET2)/[max{NET1(+),abs(NET1(-)}]*100.0                     2.7467046221E-002
 
FLUID EXCHANGE BETWEEN SURFACE (DUAL NODES) AND SUBSURFACE DOMAIN [L**3/T]
  Infiltration                  8.2657344199E-006
  Exfiltration                  0.0000000000E+000
---------------------------------------------------------------------------------------------------

  
 Variable             Max. change     Target change   Dt multiplier   At node
 ========             ===========     =============   =============   =======
 Head                 0.54478E-01        1000.0            18356.          10
 Saturation           0.12597E-01        1.0000            79.386          10
 NR Iteration          2.0000            15.000            7.5000           0
 Timestep multiplier:    7.50000000000000     
 
 Minimum dt_multiplier    >    Maximum allowed
   7.50000000000000       >    2.50000000000000     
 Timestep multiplier:    2.50000000000000     
 Accepted solution at time:   0.184357920181885     

----------------------------------------------------------------------------------
                      SOLUTION FOR TIMESTEP     13                          
----------------------------------------------------------------------------------
Global target time:  1.0000000000E+00(     2 of      2)
 %done      Time             delta_t          Tnext
 18.44 1.8435792018E-01 2.7594733238E-01 4.6030525256E-01 Accept timestep
     Calculating transient flow solution...

Summary of nonlinear iteration
 Iter Relfac          Delval    @Node  @NodePM  NcNode        Resval    @Node  @NodePM  NcNode Solv  Dom
    0(Initial)     0.000                                 2.51186E-02       14       14      81
    1  1.000      0.1084           10       10     108  -9.32148E-04       14       14      18    2 pm,pm
    2 0.9773     -3.7303E-03       10       10      45  -2.28142E-05       14       14       5    1 pm,pm
    3  1.000     -9.1523E-05       14       14      27  -2.01425E-06      122      113       0    1 pm,of
 CONVERGENCE: delval  =  9.1523E-05 <  1.0000E-05
              resval  =  2.0142E-06 <  1.0000E-05
 

---------------------------------------------------------------------------------------------------
 FLUID BALANCE, TIME:   0.460305252564087     
---------------------------------------------------------------------------------------------------
RATE OF FLUID EXCHANGE [L**3/T]
Boundary condition name               IN                       OUT                      NET(IN-OUT)
Head_1                          8.7117637745E-002        0.0000000000E+000        8.7117637745E-002        porous media
Rain_3                          0.0000000000E+000        0.0000000000E+000        0.0000000000E+000      overland media
TOTAL:[NET1(+),NET1(-),NET1]    8.7117637745E-002        0.0000000000E+000        8.7117637745E-002
  
RATE OF FLUID ACCUMULATION [L**3/T]
   Porous medium                8.7117685558E-002
   Overland                     0.0000000000E+000
   NET2 ACCUMULATION RATE                                                         8.7117685558E-002
  
FLUID BALANCE ERROR
   Absolute: (NET1-NET2)                                                         -4.7812403953E-008
   Relative: (NET1-NET2)/(abs(NET1)+abs(NET2))/2.0                                5.4882561178E-007
   Percent:   abs(NET1-NET2)/[max{NET1(+),abs(NET1(-)}]*100.0                     5.4882576238E-005
 
FLUID EXCHANGE BETWEEN SURFACE (DUAL NODES) AND SUBSURFACE DOMAIN [L**3/T]
  Infiltration                  8.0569808821E-006
  Exfiltration                  0.0000000000E+000
---------------------------------------------------------------------------------------------------

  
 Variable             Max. change     Target change   Dt multiplier   At node
 ========             ===========     =============   =============   =======
 Head                 0.10470            1000.0            9551.5          10
 Saturation           0.25724E-01        1.0000            38.874          10
 NR Iteration          3.0000            15.000            5.0000           0
 Timestep multiplier:    5.00000000000000     
 
 Minimum dt_multiplier    >    Maximum allowed
   5.00000000000000       >    2.50000000000000     
 Timestep multiplier:    2.50000000000000     
 Accepted solution at time:   0.460305252564087     

----------------------------------------------------------------------------------
                      SOLUTION FOR TIMESTEP     14                          
----------------------------------------------------------------------------------
Global target time:  1.0000000000E+00(     2 of      2)
 %done      Time             delta_t          Tnext
 46.03 4.6030525256E-01 6.8986833096E-01 1.1501735835E+00 !! Tnext >= target
 46.03 4.6030525256E-01 5.3969474744E-01 1.0000000000E+00 1 step to target
     Calculating transient flow solution...

Summary of nonlinear iteration
 Iter Relfac          Delval    @Node  @NodePM  NcNode        Resval    @Node  @NodePM  NcNode Solv  Dom
    0(Initial)     0.000                                 2.05237E-02       14       14      81
    1  1.000      0.1567          111      111     108  -9.35527E-04       14       14      18    2 pm,pm
    2 0.9761     -5.6771E-03       14       14      63  -2.46122E-05       14       14       5    2 pm,pm
    3  1.000     -1.4987E-04       10       10      27  -1.93720E-06      122      113       0    1 pm,of
 CONVERGENCE: delval  =  1.4987E-04 <  1.0000E-05
              resval  =  1.9372E-06 <  1.0000E-05
 

---------------------------------------------------------------------------------------------------
 FLUID BALANCE, TIME:    1.00000000000000     
---------------------------------------------------------------------------------------------------
RATE OF FLUID EXCHANGE [L**3/T]
Boundary condition name               IN                       OUT                      NET(IN-OUT)
Head_1                          6.5957992918E-002        0.0000000000E+000        6.5957992918E-002        porous media
Rain_3                          0.0000000000E+000        0.0000000000E+000        0.0000000000E+000      overland media
TOTAL:[NET1(+),NET1(-),NET1]    6.5957992918E-002        0.0000000000E+000        6.5957992918E-002
  
RATE OF FLUID ACCUMULATION [L**3/T]
   Porous medium                6.5958023548E-002
   Overland                     0.0000000000E+000
   NET2 ACCUMULATION RATE                                                         6.5958023548E-002
  
FLUID BALANCE ERROR
   Absolute: (NET1-NET2)                                                         -3.0629741077E-008
   Relative: (NET1-NET2)/(abs(NET1)+abs(NET2))/2.0                                4.6438244418E-007
   Percent:   abs(NET1-NET2)/[max{NET1(+),abs(NET1(-)}]*100.0                     4.6438255201E-005
 
FLUID EXCHANGE BETWEEN SURFACE (DUAL NODES) AND SUBSURFACE DOMAIN [L**3/T]
  Infiltration                  7.7487828716E-006
  Exfiltration                  0.0000000000E+000
---------------------------------------------------------------------------------------------------

  
 Variable             Max. change     Target change   Dt multiplier   At node
 ========             ===========     =============   =============   =======
 Head                 0.15395            1000.0            6495.8         117
 Saturation           0.35428E-01        1.0000            28.226          14
 NR Iteration          3.0000            15.000            5.0000           0
 Timestep multiplier:    5.00000000000000     
 
 Minimum dt_multiplier    >    Maximum allowed
   5.00000000000000       >    2.50000000000000     
 Timestep multiplier:    2.50000000000000     
 Accepted solution at time:    1.00000000000000     
 Met global target time    1.00000000000000     
 Restore last big timestep used  0.689868330955505     
 Met last target time, exit time loop
 
--------- SIMULATION TIME REPORT -------------------------
Number of CPUs applied               =          1
Number of time steps                 =         14
Number of total Newton-Raphson loops =         34
Number of total solver iterations    =         37
Number of equations                  =        126
Global assembly time (s) =  0.72649E-02
ILUC            time (s) =  0.20400E-03
Solver          time (s) =  0.33060E-03
SetBC           time (s) =  0.30400E-03
Simulation wall time (s) =  0.16263    
Simulation CPU  time (s) =  0.12500    
----------------------------------------------------------



                    ---- NORMAL EXIT ----


